{"C:\\Users\\jpuja\\Documents\\Revature\\Jerry_Pujals_p0\\src\\daos\\account-dao.ts": {"path":"C:\\Users\\jpuja\\Documents\\Revature\\Jerry_Pujals_p0\\src\\daos\\account-dao.ts","statementMap":{"0":{"start":{"line":1,"column":0},"end":{"line":1,"column":44}},"1":{"start":{"line":2,"column":0},"end":{"line":2,"column":56}},"2":{"start":{"line":9,"column":16},"end":{"line":9,"column":43}},"3":{"start":{"line":11,"column":7},"end":{"line":19,"column":7}},"4":{"start":{"line":12,"column":32},"end":{"line":12,"column":43}},"5":{"start":{"line":14,"column":8},"end":{"line":14,"column":26}},"6":{"start":{"line":17,"column":37},"end":{"line":17,"column":71}},"7":{"start":{"line":17,"column":53},"end":{"line":17,"column":70}},"8":{"start":{"line":18,"column":8},"end":{"line":18,"column":24}},"9":{"start":{"line":8,"column":0},"end":{"line":8,"column":16}},"10":{"start":{"line":23,"column":16},"end":{"line":23,"column":60}},"11":{"start":{"line":25,"column":4},"end":{"line":26,"column":70}},"12":{"start":{"line":26,"column":24},"end":{"line":26,"column":68}},"13":{"start":{"line":26,"column":47},"end":{"line":26,"column":64}},"14":{"start":{"line":22,"column":0},"end":{"line":22,"column":16}},"15":{"start":{"line":30,"column":4},"end":{"line":30,"column":25}},"16":{"start":{"line":31,"column":16},"end":{"line":32,"column":37}},"17":{"start":{"line":34,"column":4},"end":{"line":39,"column":68}},"18":{"start":{"line":39,"column":22},"end":{"line":39,"column":66}},"19":{"start":{"line":39,"column":45},"end":{"line":39,"column":62}},"20":{"start":{"line":29,"column":0},"end":{"line":29,"column":16}}},"fnMap":{"0":{"name":"adminGetAccounts","decl":{"start":{"line":8,"column":16},"end":{"line":8,"column":32}},"loc":{"start":{"line":8,"column":32},"end":{"line":20,"column":1}}},"1":{"name":"(anonymous_1)","decl":{"start":{"line":11,"column":55},"end":{"line":11,"column":61}},"loc":{"start":{"line":11,"column":64},"end":{"line":19,"column":5}}},"2":{"name":"(anonymous_2)","decl":{"start":{"line":17,"column":46},"end":{"line":17,"column":49}},"loc":{"start":{"line":17,"column":53},"end":{"line":17,"column":70}}},"3":{"name":"adminGetAccountById","decl":{"start":{"line":22,"column":16},"end":{"line":22,"column":35}},"loc":{"start":{"line":22,"column":46},"end":{"line":27,"column":1}}},"4":{"name":"(anonymous_4)","decl":{"start":{"line":26,"column":14},"end":{"line":26,"column":20}},"loc":{"start":{"line":26,"column":24},"end":{"line":26,"column":68}}},"5":{"name":"(anonymous_5)","decl":{"start":{"line":26,"column":40},"end":{"line":26,"column":43}},"loc":{"start":{"line":26,"column":47},"end":{"line":26,"column":64}}},"6":{"name":"makeAccount","decl":{"start":{"line":29,"column":16},"end":{"line":29,"column":27}},"loc":{"start":{"line":29,"column":44},"end":{"line":40,"column":1}}},"7":{"name":"(anonymous_7)","decl":{"start":{"line":39,"column":12},"end":{"line":39,"column":18}},"loc":{"start":{"line":39,"column":22},"end":{"line":39,"column":66}}},"8":{"name":"(anonymous_8)","decl":{"start":{"line":39,"column":38},"end":{"line":39,"column":41}},"loc":{"start":{"line":39,"column":45},"end":{"line":39,"column":62}}}},"branchMap":{},"s":{"0":2,"1":2,"2":0,"3":0,"4":0,"5":0,"6":0,"7":0,"8":0,"9":2,"10":0,"11":0,"12":0,"13":0,"14":2,"15":0,"16":0,"17":0,"18":0,"19":0,"20":2},"f":{"0":0,"1":0,"2":0,"3":0,"4":0,"5":0,"6":0,"7":0,"8":0},"b":{}}
,"C:\\Users\\jpuja\\Documents\\Revature\\Jerry_Pujals_p0\\src\\daos\\database.ts": {"path":"C:\\Users\\jpuja\\Documents\\Revature\\Jerry_Pujals_p0\\src\\daos\\database.ts","statementMap":{"0":{"start":{"line":1,"column":0},"end":{"line":1,"column":26}},"1":{"start":{"line":5,"column":13},"end":{"line":11,"column":3}},"2":{"start":{"line":13,"column":0},"end":{"line":15,"column":3}},"3":{"start":{"line":14,"column":4},"end":{"line":14,"column":57}}},"fnMap":{"0":{"name":"(anonymous_0)","decl":{"start":{"line":13,"column":23},"end":{"line":13,"column":24}},"loc":{"start":{"line":13,"column":34},"end":{"line":15,"column":1}}}},"branchMap":{},"s":{"0":2,"1":2,"2":2,"3":0},"f":{"0":0},"b":{}}
,"C:\\Users\\jpuja\\Documents\\Revature\\Jerry_Pujals_p0\\src\\models\\Account.ts": {"path":"C:\\Users\\jpuja\\Documents\\Revature\\Jerry_Pujals_p0\\src\\models\\Account.ts","statementMap":{"0":{"start":{"line":18,"column":4},"end":{"line":18,"column":21}},"1":{"start":{"line":19,"column":4},"end":{"line":19,"column":23}},"2":{"start":{"line":20,"column":4},"end":{"line":20,"column":29}},"3":{"start":{"line":21,"column":4},"end":{"line":21,"column":27}},"4":{"start":{"line":22,"column":4},"end":{"line":22,"column":21}},"5":{"start":{"line":13,"column":20},"end":{"line":13,"column":89}},"6":{"start":{"line":14,"column":4},"end":{"line":14,"column":19}},"7":{"start":{"line":1,"column":0},"end":{"line":1,"column":13}}},"fnMap":{"0":{"name":"(anonymous_0)","decl":{"start":{"line":17,"column":0},"end":{"line":17,"column":12}},"loc":{"start":{"line":17,"column":88},"end":{"line":23,"column":1}}},"1":{"name":"(anonymous_1)","decl":{"start":{"line":12,"column":0},"end":{"line":12,"column":6}},"loc":{"start":{"line":12,"column":27},"end":{"line":15,"column":1}}}},"branchMap":{},"s":{"0":1,"1":1,"2":1,"3":1,"4":1,"5":0,"6":0,"7":3},"f":{"0":1,"1":0},"b":{}}
,"C:\\Users\\jpuja\\Documents\\Revature\\Jerry_Pujals_p0\\src\\router\\Account-router.ts": {"path":"C:\\Users\\jpuja\\Documents\\Revature\\Jerry_Pujals_p0\\src\\router\\Account-router.ts","statementMap":{"0":{"start":{"line":1,"column":0},"end":{"line":1,"column":30}},"1":{"start":{"line":2,"column":0},"end":{"line":2,"column":62}},"2":{"start":{"line":5,"column":13},"end":{"line":5,"column":46}},"3":{"start":{"line":9,"column":0},"end":{"line":17,"column":3}},"4":{"start":{"line":10,"column":4},"end":{"line":16,"column":7}},"5":{"start":{"line":11,"column":8},"end":{"line":11,"column":57}},"6":{"start":{"line":12,"column":8},"end":{"line":12,"column":32}},"7":{"start":{"line":13,"column":8},"end":{"line":13,"column":15}},"8":{"start":{"line":15,"column":8},"end":{"line":15,"column":33}},"9":{"start":{"line":24,"column":0},"end":{"line":38,"column":3}},"10":{"start":{"line":25,"column":15},"end":{"line":25,"column":33}},"11":{"start":{"line":27,"column":4},"end":{"line":37,"column":null}},"12":{"start":{"line":28,"column":8},"end":{"line":32,"column":null}},"13":{"start":{"line":29,"column":12},"end":{"line":29,"column":37}},"14":{"start":{"line":31,"column":12},"end":{"line":31,"column":35}},"15":{"start":{"line":33,"column":8},"end":{"line":33,"column":15}},"16":{"start":{"line":35,"column":8},"end":{"line":35,"column":33}},"17":{"start":{"line":36,"column":8},"end":{"line":36,"column":15}},"18":{"start":{"line":43,"column":0},"end":{"line":55,"column":3}},"19":{"start":{"line":44,"column":20},"end":{"line":44,"column":32}},"20":{"start":{"line":45,"column":4},"end":{"line":54,"column":11}},"21":{"start":{"line":48,"column":12},"end":{"line":48,"column":33}},"22":{"start":{"line":49,"column":12},"end":{"line":49,"column":38}},"23":{"start":{"line":50,"column":12},"end":{"line":50,"column":19}},"24":{"start":{"line":52,"column":12},"end":{"line":52,"column":37}},"25":{"start":{"line":53,"column":12},"end":{"line":53,"column":19}}},"fnMap":{"0":{"name":"(anonymous_2)","decl":{"start":{"line":9,"column":22},"end":{"line":9,"column":23}},"loc":{"start":{"line":9,"column":50},"end":{"line":17,"column":1}}},"1":{"name":"(anonymous_3)","decl":{"start":{"line":10,"column":43},"end":{"line":10,"column":51}},"loc":{"start":{"line":10,"column":54},"end":{"line":14,"column":5}}},"2":{"name":"(anonymous_4)","decl":{"start":{"line":14,"column":13},"end":{"line":14,"column":16}},"loc":{"start":{"line":14,"column":19},"end":{"line":16,"column":5}}},"3":{"name":"(anonymous_5)","decl":{"start":{"line":24,"column":26},"end":{"line":24,"column":27}},"loc":{"start":{"line":24,"column":54},"end":{"line":38,"column":1}}},"4":{"name":"(anonymous_6)","decl":{"start":{"line":27,"column":48},"end":{"line":27,"column":55}},"loc":{"start":{"line":27,"column":58},"end":{"line":34,"column":5}}},"5":{"name":"(anonymous_7)","decl":{"start":{"line":34,"column":13},"end":{"line":34,"column":16}},"loc":{"start":{"line":34,"column":19},"end":{"line":37,"column":5}}},"6":{"name":"(anonymous_8)","decl":{"start":{"line":43,"column":23},"end":{"line":43,"column":24}},"loc":{"start":{"line":43,"column":51},"end":{"line":55,"column":1}}},"7":{"name":"(anonymous_9)","decl":{"start":{"line":46,"column":14},"end":{"line":46,"column":24}},"loc":{"start":{"line":46,"column":27},"end":{"line":51,"column":9}}},"8":{"name":"(anonymous_10)","decl":{"start":{"line":51,"column":17},"end":{"line":51,"column":20}},"loc":{"start":{"line":51,"column":23},"end":{"line":54,"column":9}}}},"branchMap":{"0":{"loc":{"start":{"line":28,"column":8},"end":{"line":32,"column":null}},"type":"if","locations":[{"start":{"line":28,"column":8},"end":{"line":32,"column":null}},{"start":{"line":28,"column":8},"end":{"line":32,"column":null}}]}},"s":{"0":1,"1":1,"2":1,"3":1,"4":2,"5":1,"6":1,"7":1,"8":1,"9":1,"10":3,"11":3,"12":2,"13":1,"14":1,"15":2,"16":1,"17":1,"18":1,"19":2,"20":2,"21":1,"22":1,"23":1,"24":1,"25":1},"f":{"0":2,"1":1,"2":1,"3":3,"4":2,"5":1,"6":2,"7":1,"8":1},"b":{"0":[1,1]}}
,"C:\\Users\\jpuja\\Documents\\Revature\\Jerry_Pujals_p0\\src\\services\\Account-service.ts": {"path":"C:\\Users\\jpuja\\Documents\\Revature\\Jerry_Pujals_p0\\src\\services\\Account-service.ts","statementMap":{"0":{"start":{"line":1,"column":0},"end":{"line":1,"column":44}},"1":{"start":{"line":2,"column":0},"end":{"line":2,"column":50}},"2":{"start":{"line":10,"column":4},"end":{"line":10,"column":41}},"3":{"start":{"line":8,"column":0},"end":{"line":8,"column":16}},"4":{"start":{"line":19,"column":4},"end":{"line":19,"column":46}},"5":{"start":{"line":17,"column":0},"end":{"line":17,"column":16}},"6":{"start":{"line":29,"column":23},"end":{"line":29,"column":106}},"7":{"start":{"line":34,"column":4},"end":{"line":42,"column":null}},"8":{"start":{"line":36,"column":8},"end":{"line":36,"column":50}},"9":{"start":{"line":41,"column":8},"end":{"line":41,"column":61}},"10":{"start":{"line":41,"column":48},"end":{"line":41,"column":59}},"11":{"start":{"line":26,"column":0},"end":{"line":26,"column":16}}},"fnMap":{"0":{"name":"adminGetAccounts","decl":{"start":{"line":8,"column":16},"end":{"line":8,"column":32}},"loc":{"start":{"line":8,"column":32},"end":{"line":13,"column":1}}},"1":{"name":"adminGetAccountById","decl":{"start":{"line":17,"column":16},"end":{"line":17,"column":35}},"loc":{"start":{"line":17,"column":46},"end":{"line":22,"column":1}}},"2":{"name":"makeAccount","decl":{"start":{"line":26,"column":16},"end":{"line":26,"column":27}},"loc":{"start":{"line":26,"column":40},"end":{"line":43,"column":1}}},"3":{"name":"(anonymous_4)","decl":{"start":{"line":41,"column":27},"end":{"line":41,"column":28}},"loc":{"start":{"line":41,"column":48},"end":{"line":41,"column":59}}}},"branchMap":{"0":{"loc":{"start":{"line":34,"column":4},"end":{"line":42,"column":null}},"type":"if","locations":[{"start":{"line":34,"column":4},"end":{"line":42,"column":null}},{"start":{"line":34,"column":4},"end":{"line":42,"column":null}}]},"1":{"loc":{"start":{"line":34,"column":7},"end":{"line":34,"column":19}},"type":"binary-expr","locations":[{"start":{"line":34,"column":7},"end":{"line":34,"column":19}},{"start":{"line":34,"column":24},"end":{"line":34,"column":40}},{"start":{"line":34,"column":44},"end":{"line":34,"column":59}},{"start":{"line":34,"column":63},"end":{"line":34,"column":75}}]}},"s":{"0":2,"1":2,"2":0,"3":2,"4":0,"5":2,"6":1,"7":1,"8":0,"9":1,"10":1,"11":2},"f":{"0":0,"1":0,"2":1,"3":1},"b":{"0":[0,1],"1":[1,0,0,0]}}
}
