TN:
SF:src\daos\account-dao.ts
FN:8,adminGetAccounts
FN:11,(anonymous_1)
FN:17,(anonymous_2)
FN:22,adminGetAccountById
FN:26,(anonymous_4)
FN:26,(anonymous_5)
FN:29,makeAccount
FN:39,(anonymous_7)
FN:39,(anonymous_8)
FNF:9
FNH:0
FNDA:0,adminGetAccounts
FNDA:0,(anonymous_1)
FNDA:0,(anonymous_2)
FNDA:0,adminGetAccountById
FNDA:0,(anonymous_4)
FNDA:0,(anonymous_5)
FNDA:0,makeAccount
FNDA:0,(anonymous_7)
FNDA:0,(anonymous_8)
DA:1,2
DA:2,2
DA:8,2
DA:9,0
DA:11,0
DA:12,0
DA:14,0
DA:17,0
DA:18,0
DA:22,2
DA:23,0
DA:25,0
DA:26,0
DA:29,2
DA:30,0
DA:31,0
DA:34,0
DA:39,0
LF:18
LH:5
BRF:0
BRH:0
end_of_record
TN:
SF:src\daos\database.ts
FN:13,(anonymous_0)
FNF:1
FNH:0
FNDA:0,(anonymous_0)
DA:1,2
DA:5,2
DA:13,2
DA:14,0
LF:4
LH:3
BRF:0
BRH:0
end_of_record
TN:
SF:src\models\Account.ts
FN:17,(anonymous_0)
FN:12,(anonymous_1)
FNF:2
FNH:1
FNDA:1,(anonymous_0)
FNDA:0,(anonymous_1)
DA:1,3
DA:13,0
DA:14,0
DA:18,1
DA:19,1
DA:20,1
DA:21,1
DA:22,1
LF:8
LH:6
BRF:0
BRH:0
end_of_record
TN:
SF:src\router\Account-router.ts
FN:9,(anonymous_2)
FN:10,(anonymous_3)
FN:14,(anonymous_4)
FN:24,(anonymous_5)
FN:27,(anonymous_6)
FN:34,(anonymous_7)
FN:43,(anonymous_8)
FN:46,(anonymous_9)
FN:51,(anonymous_10)
FNF:9
FNH:9
FNDA:2,(anonymous_2)
FNDA:1,(anonymous_3)
FNDA:1,(anonymous_4)
FNDA:3,(anonymous_5)
FNDA:2,(anonymous_6)
FNDA:1,(anonymous_7)
FNDA:2,(anonymous_8)
FNDA:1,(anonymous_9)
FNDA:1,(anonymous_10)
DA:1,1
DA:2,1
DA:5,1
DA:9,1
DA:10,2
DA:11,1
DA:12,1
DA:13,1
DA:15,1
DA:24,1
DA:25,3
DA:27,3
DA:28,2
DA:29,1
DA:31,1
DA:33,2
DA:35,1
DA:36,1
DA:43,1
DA:44,2
DA:45,2
DA:48,1
DA:49,1
DA:50,1
DA:52,1
DA:53,1
LF:26
LH:26
BRDA:28,0,0,1
BRDA:28,0,1,1
BRF:2
BRH:2
end_of_record
TN:
SF:src\services\Account-service.ts
FN:8,adminGetAccounts
FN:17,adminGetAccountById
FN:26,makeAccount
FN:41,(anonymous_4)
FNF:4
FNH:2
FNDA:0,adminGetAccounts
FNDA:0,adminGetAccountById
FNDA:1,makeAccount
FNDA:1,(anonymous_4)
DA:1,2
DA:2,2
DA:8,2
DA:10,0
DA:17,2
DA:19,0
DA:26,2
DA:29,1
DA:34,1
DA:36,0
DA:41,1
LF:11
LH:8
BRDA:34,0,0,0
BRDA:34,0,1,1
BRDA:34,1,0,1
BRDA:34,1,1,0
BRDA:34,1,2,0
BRDA:34,1,3,0
BRF:6
BRH:2
end_of_record
